生成启动时间为 2016/12/7 15:51:02。
     1>项目“D:\作业\c++\顺序表\顺序表\顺序表.vcxproj”在节点 2 上(Build 个目标)。
     1>ClCompile:
         D:\Microsoft Visual Studio 12.0\VC\bin\CL.exe /c /ZI /nologo /W3 /WX- /sdl /Od /Oy- /D _UNICODE /D UNICODE /Gm /EHsc /RTC1 /MDd /GS /fp:precise /Zc:wchar_t /Zc:forScope /Fo"Debug\\" /Fd"Debug\vc120.pdb" /Gd /TP /analyze- /errorReport:prompt seqList.cpp test.cpp
         test.cpp
         seqList.cpp
     1>d:\作业\c++\顺序表\顺序表\seqlist.cpp(8): warning C4554: “>>”: 检查运算符优先级可能存在的错误；使用圆括号阐明优先级
     1>d:\作业\c++\顺序表\顺序表\seqlist.cpp(28): warning C4018: “<”: 有符号/无符号不匹配
     1>d:\作业\c++\顺序表\顺序表\seqlist.cpp(44): warning C4018: “<”: 有符号/无符号不匹配
     1>d:\作业\c++\顺序表\顺序表\seqlist.cpp(46): warning C4018: “<”: 有符号/无符号不匹配
     1>d:\作业\c++\顺序表\顺序表\seqlist.cpp(62): warning C4018: “<”: 有符号/无符号不匹配
     1>d:\作业\c++\顺序表\顺序表\seqlist.cpp(64): warning C4018: “<”: 有符号/无符号不匹配
     1>d:\作业\c++\顺序表\顺序表\seqlist.cpp(80): warning C4018: “<”: 有符号/无符号不匹配
     1>d:\作业\c++\顺序表\顺序表\seqlist.cpp(120): warning C4018: “<”: 有符号/无符号不匹配
     1>d:\作业\c++\顺序表\顺序表\seqlist.cpp(134): warning C4018: “>=”: 有符号/无符号不匹配
     1>d:\作业\c++\顺序表\顺序表\seqlist.cpp(172): warning C4018: “<”: 有符号/无符号不匹配
     1>d:\作业\c++\顺序表\顺序表\seqlist.cpp(221): warning C4018: “<”: 有符号/无符号不匹配
         正在生成代码...
     1>d:\作业\c++\顺序表\顺序表\seqlist.cpp(21): warning C4715: “BinarySerach”: 不是所有的控件路径都返回值
       Link:
         D:\Microsoft Visual Studio 12.0\VC\bin\link.exe /ERRORREPORT:PROMPT /OUT:"D:\作业\c++\顺序表\Debug\顺序表.exe" /INCREMENTAL /NOLOGO kernel32.lib user32.lib gdi32.lib winspool.lib comdlg32.lib advapi32.lib shell32.lib ole32.lib oleaut32.lib uuid.lib odbc32.lib odbccp32.lib /MANIFEST /MANIFESTUAC:"level='asInvoker' uiAccess='false'" /manifest:embed /DEBUG /PDB:"D:\作业\c++\顺序表\Debug\顺序表.pdb" /SUBSYSTEM:CONSOLE /TLBID:1 /DYNAMICBASE /NXCOMPAT /IMPLIB:"D:\作业\c++\顺序表\Debug\顺序表.lib" /MACHINE:X86 Debug\seqList.obj
         Debug\test.obj
         顺序表.vcxproj -> D:\作业\c++\顺序表\Debug\顺序表.exe
     1>已完成生成项目“D:\作业\c++\顺序表\顺序表\顺序表.vcxproj”(Build 个目标)的操作。

生成成功。

已用时间 00:00:01.10
