d:\作业\作业1\9-18\9-18\debug\vc140.pdb
d:\作业\作业1\9-18\9-18\debug\vc140.idb
d:\作业\作业1\9-18\9-18\debug\交换数组内容1.obj
d:\作业\作业1\9-18\9-18\debug\获取二进制奇数和偶数 2.obj
d:\作业\作业1\9-18\9-18\debug\三个数排序3.obj
d:\作业\作业1\9-18\9-18\debug\最大公约数4.obj
d:\作业\作业1\9-18\9-18\debug\获取二进制奇数和偶数 2.obj.enc
d:\作业\作业1\9-18\debug\9-18.pdb
d:\作业\作业1\9-18\9-18\debug\9-18.tlog\cl.command.1.tlog
d:\作业\作业1\9-18\9-18\debug\9-18.tlog\cl.read.1.tlog
d:\作业\作业1\9-18\9-18\debug\9-18.tlog\cl.write.1.tlog
d:\作业\作业1\9-18\9-18\debug\9-18.tlog\link-cvtres.read.1.tlog
d:\作业\作业1\9-18\9-18\debug\9-18.tlog\link-cvtres.write.1.tlog
d:\作业\作业1\9-18\9-18\debug\9-18.tlog\link-rc.read.1.tlog
d:\作业\作业1\9-18\9-18\debug\9-18.tlog\link-rc.write.1.tlog
d:\作业\作业1\9-18\9-18\debug\9-18.tlog\link.2112-cvtres.read.1.tlog
d:\作业\作业1\9-18\9-18\debug\9-18.tlog\link.2112-cvtres.write.1.tlog
d:\作业\作业1\9-18\9-18\debug\9-18.tlog\link.2112-rc.read.1.tlog
d:\作业\作业1\9-18\9-18\debug\9-18.tlog\link.2112-rc.write.1.tlog
d:\作业\作业1\9-18\9-18\debug\9-18.tlog\link.2112.read.1.tlog
d:\作业\作业1\9-18\9-18\debug\9-18.tlog\link.2112.write.1.tlog
d:\作业\作业1\9-18\9-18\debug\9-18.tlog\link.command.1.tlog
d:\作业\作业1\9-18\9-18\debug\9-18.tlog\link.read.1.tlog
d:\作业\作业1\9-18\9-18\debug\9-18.tlog\link.write.1.tlog
