生成启动时间为 2017/3/27 14:46:39。
     1>项目“D:\作业\c++\Head\Head\Head.vcxproj”在节点 2 上(Build 个目标)。
     1>ClCompile:
         D:\Microsoft Visual Studio 12.0\VC\bin\CL.exe /c /ZI /nologo /W3 /WX- /sdl /Od /Oy- /D _MBCS /Gm /EHsc /RTC1 /MDd /GS /fp:precise /Zc:wchar_t /Zc:forScope /Fo"Debug\\" /Fd"Debug\vc120.pdb" /Gd /TP /analyze- /errorReport:prompt Test.cpp
         Test.cpp
     1>d:\作业\c++\head\head\head.h(49): warning C4018: “<”: 有符号/无符号不匹配
                 d:\作业\c++\head\head\head.h(45): 编译类 模板 成员函数“void Heap<int,Less<T>>::_AdjustDown(int)”时
                 with
                 [
                     T=int
                 ]
                 d:\作业\c++\head\head\head.h(37): 参见对正在编译的函数 模板 实例化“void Heap<int,Less<T>>::_AdjustDown(int)”的引用
                 with
                 [
                     T=int
                 ]
                 d:\作业\c++\head\head\head.h(75): 参见对正在编译的类 模板 实例化“Heap<int,Less<T>>”的引用
                 with
                 [
                     T=int
                 ]
     1>d:\作业\c++\head\head\head.h(51): warning C4018: “<”: 有符号/无符号不匹配
       Link:
         D:\Microsoft Visual Studio 12.0\VC\bin\link.exe /ERRORREPORT:PROMPT /OUT:"D:\作业\c++\Head\Debug\Head.exe" /INCREMENTAL /NOLOGO kernel32.lib user32.lib gdi32.lib winspool.lib comdlg32.lib advapi32.lib shell32.lib ole32.lib oleaut32.lib uuid.lib odbc32.lib odbccp32.lib /MANIFEST /MANIFESTUAC:"level='asInvoker' uiAccess='false'" /manifest:embed /DEBUG /PDB:"D:\作业\c++\Head\Debug\Head.pdb" /TLBID:1 /DYNAMICBASE /NXCOMPAT /IMPLIB:"D:\作业\c++\Head\Debug\Head.lib" /MACHINE:X86 Debug\Test.obj
         Head.vcxproj -> D:\作业\c++\Head\Debug\Head.exe
     1>已完成生成项目“D:\作业\c++\Head\Head\Head.vcxproj”(Build 个目标)的操作。

生成成功。

已用时间 00:00:01.29
